Performing C++ SOURCE FILE Test NCNN_COMPILER_USE_VFREDSUM failed with the following output:
Change Dir: /home/ubuntu/Documents/workspace/ncnn/build-duo/CMakeFiles/CMakeTmp

Run Build Command(s):/usr/bin/gmake -f Makefile cmTC_b9976/fast && /usr/bin/gmake  -f CMakeFiles/cmTC_b9976.dir/build.make CMakeFiles/cmTC_b9976.dir/build
gmake[1]: 进入目录“/home/ubuntu/Documents/workspace/ncnn/build-duo/CMakeFiles/CMakeTmp”
Building CXX object CMakeFiles/cmTC_b9976.dir/src.cxx.o
/home/ubuntu/Downloads/host-tools/gcc/riscv64-linux-musl-x86_64/bin/riscv64-unknown-linux-musl-g++ --sysroot=/home/ubuntu/Downloads/host-tools/gcc/riscv64-linux-musl-x86_64/sysroot -DNCNN_COMPILER_USE_VFREDSUM  -march=rv64gcv0p7_zfh_xtheadc -mabi=lp64d -mtune=c906 -DC906=1 -static -march=rv64gcv -o CMakeFiles/cmTC_b9976.dir/src.cxx.o -c /home/ubuntu/Documents/workspace/ncnn/build-duo/CMakeFiles/CMakeTmp/src.cxx
/home/ubuntu/Documents/workspace/ncnn/build-duo/CMakeFiles/CMakeTmp/src.cxx: In function 'int main()':
/home/ubuntu/Documents/workspace/ncnn/build-duo/CMakeFiles/CMakeTmp/src.cxx:10:12: error: 'vfredsum_vs_f32m8_f32m1' was not declared in this scope; did you mean 'vfredosum_vs_f32m8_f32m1'?
   10 |     _sum = vfredsum_vs_f32m8_f32m1(_sum, _add, _sum, vl);
      |            ^~~~~~~~~~~~~~~~~~~~~~~
      |            vfredosum_vs_f32m8_f32m1
gmake[1]: *** [CMakeFiles/cmTC_b9976.dir/build.make:78：CMakeFiles/cmTC_b9976.dir/src.cxx.o] 错误 1
gmake[1]: 离开目录“/home/ubuntu/Documents/workspace/ncnn/build-duo/CMakeFiles/CMakeTmp”
gmake: *** [Makefile:127：cmTC_b9976/fast] 错误 2


Source file was:

#include <riscv_vector.h>
int main(void)
{
    float in1[4] = {-1.f,0.f,+1.f,2.f};
    float out1=0;
    size_t vl = vsetvl_e32m8(4);
    vfloat32m8_t _add = vle32_v_f32m8(in1,vl);
    vfloat32m1_t _sum = vfmv_s_f_f32m1(vundefined_f32m1(),out1,vl);
    _sum = vfredsum_vs_f32m8_f32m1(_sum, _add, _sum, vl);
    out1 = vfmv_f_s_f32m1_f32(_sum);
    return 0;
}

